#
# There is insufficient memory for the Java Runtime Environment to continue.
# Native memory allocation (mmap) failed to map 402653184 bytes for G1 virtual space
# Possible reasons:
#   The system is out of physical RAM or swap space
#   The process is running with CompressedOops enabled, and the Java Heap may be blocking the growth of the native heap
# Possible solutions:
#   Reduce memory load on the system
#   Increase physical memory or swap space
#   Check if swap backing store is full
#   Decrease Java heap size (-Xmx/-Xms)
#   Decrease number of Java threads
#   Decrease Java thread stack sizes (-Xss)
#   Set larger code cache with -XX:ReservedCodeCacheSize=
#   JVM is running with Zero Based Compressed Oops mode in which the Java heap is
#     placed in the first 32GB address space. The Java Heap base address is the
#     maximum limit for the native heap growth. Please use -XX:HeapBaseMinAddress
#     to set the Java Heap base and to place the Java Heap above 32GB virtual address.
# This output file may be truncated or incomplete.
#
#  Out of Memory Error (os_windows.cpp:3548), pid=8620, tid=6556
#
# JRE version:  (17.0.11+7) (build )
# Java VM: Java HotSpot(TM) 64-Bit Server VM (17.0.11+7-LTS-207, mixed mode, sharing, tiered, compressed oops, compressed class ptrs, g1 gc, windows-amd64)
# No core dump will be written. Minidumps are not enabled by default on client versions of Windows
#

---------------  S U M M A R Y ------------

Command Line: net.bytebuddy.agent.Attacher com.sun.tools.attach.VirtualMachine 28112 C:\Users\glenn\.m2\repository\net\bytebuddy\byte-buddy-agent\1.10.22\byte-buddy-agent-1.10.22.jar false 

Host: Intel(R) Core(TM) i7-6700HQ CPU @ 2.60GHz, 8 cores, 23G,  Windows 11 , 64 bit Build 22621 (10.0.22621.3672)
Time: Wed Jul 31 00:52:53 2024 GMT Summer Time elapsed time: 0.019022 seconds (0d 0h 0m 0s)

---------------  T H R E A D  ---------------

Current thread (0x000002ddcaec0e10):  JavaThread "Unknown thread" [_thread_in_vm, id=6556, stack(0x000000f871b00000,0x000000f871c00000)]

Stack: [0x000000f871b00000,0x000000f871c00000]
Native frames: (J=compiled Java code, j=interpreted, Vv=VM code, C=native code)
V  [jvm.dll+0x679cca]
V  [jvm.dll+0x7da13d]
V  [jvm.dll+0x7dba83]
V  [jvm.dll+0x7dc0f3]
V  [jvm.dll+0x2449af]
V  [jvm.dll+0x676ce9]
V  [jvm.dll+0x66b852]
V  [jvm.dll+0x3018d6]
V  [jvm.dll+0x308e76]
V  [jvm.dll+0x3596ee]
V  [jvm.dll+0x35991f]
V  [jvm.dll+0x2d89a8]
V  [jvm.dll+0x2d9914]
V  [jvm.dll+0x7ac6b1]
V  [jvm.dll+0x366f61]
V  [jvm.dll+0x78b609]
V  [jvm.dll+0x3ec22f]
V  [jvm.dll+0x3ede61]
C  [jli.dll+0x5297]
C  [ucrtbase.dll+0x29333]
C  [KERNEL32.DLL+0x1257d]
C  [ntdll.dll+0x5af28]


---------------  P R O C E S S  ---------------

Threads class SMR info:
_java_thread_list=0x00007fff612c7a18, length=0, elements={
}

Java Threads: ( => current thread )

Other Threads:
  0x000002ddcaf49be0 GCTaskThread "GC Thread#0" [stack: 0x000000f871c00000,0x000000f871d00000] [id=27892]
  0x000002ddcaf56a30 ConcurrentGCThread "G1 Main Marker" [stack: 0x000000f871d00000,0x000000f871e00000] [id=17364]
  0x000002ddcaf57be0 ConcurrentGCThread "G1 Conc#0" [stack: 0x000000f871e00000,0x000000f871f00000] [id=19616]

[error occurred during error reporting (printing all threads), id 0xc0000005, EXCEPTION_ACCESS_VIOLATION (0xc0000005) at pc=0x00007fff60af9497]

VM state: not at safepoint (not fully initialized)

VM Mutex/Monitor currently owned by a thread:  ([mutex/lock_event])
[0x000002ddcaebc990] Heap_lock - owner thread: 0x000002ddcaec0e10

Heap address: 0x0000000682000000, size: 6112 MB, Compressed Oops mode: Zero based, Oop shift amount: 3

CDS archive(s) mapped at: [0x0000000000000000-0x0000000000000000-0x0000000000000000), size 0, SharedBaseAddress: 0x0000000800000000, ArchiveRelocationMode: 1.
Narrow klass base: 0x0000000000000000, Narrow klass shift: 0, Narrow klass range: 0x0

GC Precious Log:
<Empty>

Heap:
 garbage-first heap   total 0K, used 0K [0x0000000682000000, 0x0000000800000000)
  region size 4096K, 0 young (0K), 0 survivors (0K)

[error occurred during error reporting (printing heap information), id 0xc0000005, EXCEPTION_ACCESS_VIOLATION (0xc0000005) at pc=0x00007fff60ee3559]

GC Heap History (0 events):
No events

Deoptimization events (0 events):
No events

Classes unloaded (0 events):
No events

Classes redefined (0 events):
No events

Internal exceptions (0 events):
No events

VM Operations (0 events):
No events

Events (1 events):
Event: 0.013 Loaded shared library C:\Program Files\Java\jdk-17\bin\java.dll


Dynamic libraries:
0x00007ff638b50000 - 0x00007ff638b60000 	C:\Program Files\Java\jdk-17\bin\java.exe
0x00007fffbccb0000 - 0x00007fffbcec7000 	C:\Windows\SYSTEM32\ntdll.dll
0x00007fffbbf20000 - 0x00007fffbbfe4000 	C:\Windows\System32\KERNEL32.DLL
0x00007fffba340000 - 0x00007fffba6ec000 	C:\Windows\System32\KERNELBASE.dll
0x00007fffba6f0000 - 0x00007fffba801000 	C:\Windows\System32\ucrtbase.dll
0x00007fffb6450000 - 0x00007fffb6469000 	C:\Program Files\Java\jdk-17\bin\jli.dll
0x00007fffa4b00000 - 0x00007fffa4b1b000 	C:\Program Files\Java\jdk-17\bin\VCRUNTIME140.dll
0x00007fffbb9d0000 - 0x00007fffbba82000 	C:\Windows\System32\ADVAPI32.dll
0x00007fffba9f0000 - 0x00007fffbaa97000 	C:\Windows\System32\msvcrt.dll
0x00007fffbbe10000 - 0x00007fffbbeba000 	C:\Windows\System32\sechost.dll
0x00007fffba080000 - 0x00007fffba0a8000 	C:\Windows\System32\bcrypt.dll
0x00007fffbb700000 - 0x00007fffbb815000 	C:\Windows\System32\RPCRT4.dll
0x00007fffbbc60000 - 0x00007fffbbe0e000 	C:\Windows\System32\USER32.dll
0x00007fffba050000 - 0x00007fffba076000 	C:\Windows\System32\win32u.dll
0x00007fff8a430000 - 0x00007fff8a6c3000 	C:\Windows\WinSxS\amd64_microsoft.windows.common-controls_6595b64144ccf1df_6.0.22621.3672_none_2713b9d173822955\COMCTL32.dll
0x00007fffbb650000 - 0x00007fffbb679000 	C:\Windows\System32\GDI32.dll
0x00007fffba220000 - 0x00007fffba339000 	C:\Windows\System32\gdi32full.dll
0x00007fffba810000 - 0x00007fffba8aa000 	C:\Windows\System32\msvcp_win.dll
0x00007fffb6150000 - 0x00007fffb615a000 	C:\Windows\SYSTEM32\VERSION.dll
0x00007fffbc380000 - 0x00007fffbc3b1000 	C:\Windows\System32\IMM32.DLL
0x00007fffb2480000 - 0x00007fffb248c000 	C:\Program Files\Java\jdk-17\bin\vcruntime140_1.dll
0x00007fff7fad0000 - 0x00007fff7fb5e000 	C:\Program Files\Java\jdk-17\bin\msvcp140.dll
0x00007fff60810000 - 0x00007fff613f0000 	C:\Program Files\Java\jdk-17\bin\server\jvm.dll
0x00007fffbacb0000 - 0x00007fffbacb8000 	C:\Windows\System32\PSAPI.DLL
0x00007fff93d10000 - 0x00007fff93d44000 	C:\Windows\SYSTEM32\WINMM.dll
0x00007fff778c0000 - 0x00007fff778c9000 	C:\Windows\SYSTEM32\WSOCK32.dll
0x00007fffbb680000 - 0x00007fffbb6f1000 	C:\Windows\System32\WS2_32.dll
0x00007fffb90c0000 - 0x00007fffb90d8000 	C:\Windows\SYSTEM32\kernel.appcore.dll
0x00007fffb2400000 - 0x00007fffb240a000 	C:\Program Files\Java\jdk-17\bin\jimage.dll
0x00007fffb36a0000 - 0x00007fffb38d2000 	C:\Windows\SYSTEM32\DBGHELP.DLL
0x00007fffbbff0000 - 0x00007fffbc378000 	C:\Windows\System32\combase.dll
0x00007fffbabb0000 - 0x00007fffbac87000 	C:\Windows\System32\OLEAUT32.dll
0x00007fffb33f0000 - 0x00007fffb3422000 	C:\Windows\SYSTEM32\dbgcore.DLL
0x00007fffba8b0000 - 0x00007fffba92b000 	C:\Windows\System32\bcryptPrimitives.dll
0x00007fff98c80000 - 0x00007fff98ca5000 	C:\Program Files\Java\jdk-17\bin\java.dll

dbghelp: loaded successfully - version: 4.0.5 - missing functions: none
symbol engine: initialized successfully - sym options: 0x614 - pdb path: .;C:\Program Files\Java\jdk-17\bin;C:\Windows\SYSTEM32;C:\Windows\WinSxS\amd64_microsoft.windows.common-controls_6595b64144ccf1df_6.0.22621.3672_none_2713b9d173822955;C:\Program Files\Java\jdk-17\bin\server

VM Arguments:
java_command: net.bytebuddy.agent.Attacher com.sun.tools.attach.VirtualMachine 28112 C:\Users\glenn\.m2\repository\net\bytebuddy\byte-buddy-agent\1.10.22\byte-buddy-agent-1.10.22.jar false 
java_class_path (initial): C:\Users\glenn\.m2\repository\net\bytebuddy\byte-buddy-agent\1.10.22\byte-buddy-agent-1.10.22.jar
Launcher Type: SUN_STANDARD

[Global flags]
     intx CICompilerCount                          = 4                                         {product} {ergonomic}
     uint ConcGCThreads                            = 2                                         {product} {ergonomic}
     uint G1ConcRefinementThreads                  = 8                                         {product} {ergonomic}
   size_t G1HeapRegionSize                         = 4194304                                   {product} {ergonomic}
    uintx GCDrainStackTargetSize                   = 64                                        {product} {ergonomic}
   size_t InitialHeapSize                          = 402653184                                 {product} {ergonomic}
   size_t MarkStackSize                            = 4194304                                   {product} {ergonomic}
   size_t MaxHeapSize                              = 6408896512                                {product} {ergonomic}
   size_t MinHeapDeltaBytes                        = 4194304                                   {product} {ergonomic}
   size_t MinHeapSize                              = 8388608                                   {product} {ergonomic}
    uintx NonNMethodCodeHeapSize                   = 5839372                                {pd product} {ergonomic}
    uintx NonProfiledCodeHeapSize                  = 122909434                              {pd product} {ergonomic}
    uintx ProfiledCodeHeapSize                     = 122909434                              {pd product} {ergonomic}
    uintx ReservedCodeCacheSize                    = 251658240                              {pd product} {ergonomic}
     bool SegmentedCodeCache                       = true                                      {product} {ergonomic}
   size_t SoftMaxHeapSize                          = 6408896512                             {manageable} {ergonomic}
     bool UseCompressedClassPointers               = true                           {product lp64_product} {ergonomic}
     bool UseCompressedOops                        = true                           {product lp64_product} {ergonomic}
     bool UseG1GC                                  = true                                      {product} {ergonomic}
     bool UseLargePagesIndividualAllocation        = false                                  {pd product} {ergonomic}

Logging:
Log output configuration:
 #0: stdout all=warning uptime,level,tags
 #1: stderr all=off uptime,level,tags

Environment Variables:
PATH=C:\Program Files\Common Files\Oracle\Java\javapath;C:\Program Files\Microsoft SDKs\Azure\CLI2\wbin;C:\Windows\system32;C:\Windows;C:\Windows\System32\Wbem;C:\Windows\System32\WindowsPowerShell\v1.0\;C:\Windows\System32\OpenSSH\;C:\Program Files (x86)\Microsoft SQL Server\160\DTS\Binn\;C:\Program Files (x86)\Microsoft SQL Server\160\Tools\Binn\;C:\Program Files\Microsoft SQL Server\160\Tools\Binn\;C:\Program Files\Microsoft SQL Server\Client SDK\ODBC\170\Tools\Binn\;C:\Program Files\Microsoft SQL Server\160\DTS\Binn\;C:\Program Files\Azure Data Studio\bin;C:\Program Files\Microsoft SQL Server\150\Tools\Binn\;C:\Program Files\dotnet\;C:\Program Files\Git\cmd;C:\Program Files\nodejs\;C:\Tools;;C:\Program Files\Docker\Docker\resources\bin;C:\Users\glenn\AppData\Local\Microsoft\WindowsApps;C:\Users\glenn\AppData\Local\Programs\Microsoft VS Code\bin;C:\Users\glenn\AppData\Local\GitHubDesktop\bin;C:\Users\glenn\AppData\Local\Programs\Azure Data Studio\bin;C:\Program Files\Azure Data Studio\bin;C:\Users\glenn\.dotnet\tools;C:\Users\glenn\AppData\Roaming\npm;C:\Users\glenn\.azure-kubectl;C:\Users\glenn\.azure-kubelogin;C:\Tools;C:\Users\glenn\.dotnet\tools
USERNAME=glenn
OS=Windows_NT
PROCESSOR_IDENTIFIER=Intel64 Family 6 Model 94 Stepping 3, GenuineIntel



---------------  S Y S T E M  ---------------

OS:
 Windows 11 , 64 bit Build 22621 (10.0.22621.3672)
OS uptime: 42 days 11:19 hours
Hyper-V role detected

CPU: total 8 (initial active 8) (4 cores per cpu, 2 threads per core) family 6 model 94 stepping 3 microcode 0xd6, cx8, cmov, fxsr, ht, mmx, 3dnowpref, sse, sse2, sse3, ssse3, sse4.1, sse4.2, popcnt, lzcnt, tsc, tscinvbit, avx, avx2, aes, erms, clmul, bmi1, bmi2, rtm, adx, fma, vzeroupper, clflush, clflushopt, hv

Memory: 4k page, system-wide physical 24444M (2616M free)
TotalPageFile size 98172M (AvailPageFile size 312M)
current process WorkingSet (physical memory assigned to process): 11M, peak: 11M
current process commit charge ("private bytes"): 60M, peak: 444M

vm_info: Java HotSpot(TM) 64-Bit Server VM (17.0.11+7-LTS-207) for windows-amd64 JRE (17.0.11+7-LTS-207), built on Mar 11 2024 19:01:50 by "mach5one" with MS VC++ 17.6 (VS2022)

END.
